c:\users\adam\desktop\programowanie\c++\zcalc\zcalc\debug\zcalc.pch
c:\users\adam\desktop\programowanie\c++\zcalc\zcalc\debug\vc142.pdb
c:\users\adam\desktop\programowanie\c++\zcalc\zcalc\debug\vc142.idb
c:\users\adam\desktop\programowanie\c++\zcalc\zcalc\debug\pch.obj
c:\users\adam\desktop\programowanie\c++\zcalc\zcalc\debug\zcalcview.obj
c:\users\adam\desktop\programowanie\c++\zcalc\zcalc\debug\zcalcdoc.obj
c:\users\adam\desktop\programowanie\c++\zcalc\zcalc\debug\zcalc.obj
c:\users\adam\desktop\programowanie\c++\zcalc\zcalc\debug\mainfrm.obj
c:\users\adam\desktop\programowanie\c++\zcalc\zcalc\debug\complexdlg.obj
c:\users\adam\desktop\programowanie\c++\zcalc\zcalc\debug\complex.obj
c:\users\adam\desktop\programowanie\c++\zcalc\debug\zcalc.exe
c:\users\adam\desktop\programowanie\c++\zcalc\zcalc\debug\zcalc.ilk
c:\users\adam\desktop\programowanie\c++\zcalc\debug\zcalc.pdb
c:\users\adam\desktop\programowanie\c++\zcalc\zcalc\debug\zcalc.res
c:\users\adam\desktop\programowanie\c++\zcalc\zcalc\debug\zcalc.tlog\cl.command.1.tlog
c:\users\adam\desktop\programowanie\c++\zcalc\zcalc\debug\zcalc.tlog\cl.read.1.tlog
c:\users\adam\desktop\programowanie\c++\zcalc\zcalc\debug\zcalc.tlog\cl.write.1.tlog
c:\users\adam\desktop\programowanie\c++\zcalc\zcalc\debug\zcalc.tlog\link.command.1.tlog
c:\users\adam\desktop\programowanie\c++\zcalc\zcalc\debug\zcalc.tlog\link.read.1.tlog
c:\users\adam\desktop\programowanie\c++\zcalc\zcalc\debug\zcalc.tlog\link.write.1.tlog
c:\users\adam\desktop\programowanie\c++\zcalc\zcalc\debug\zcalc.tlog\rc.command.1.tlog
c:\users\adam\desktop\programowanie\c++\zcalc\zcalc\debug\zcalc.tlog\rc.read.1.tlog
c:\users\adam\desktop\programowanie\c++\zcalc\zcalc\debug\zcalc.tlog\rc.write.1.tlog
